h:\github\physicsforgameslabwork\pfg-startproject\build\debug_intermediate\vc142.pdb
h:\github\physicsforgameslabwork\pfg-startproject\build\debug_intermediate\vc142.idb
h:\github\physicsforgameslabwork\pfg-startproject\build\debug_intermediate\utility.obj
h:\github\physicsforgameslabwork\pfg-startproject\build\debug_intermediate\scene.obj
h:\github\physicsforgameslabwork\pfg-startproject\build\debug_intermediate\mesh.obj
h:\github\physicsforgameslabwork\pfg-startproject\build\debug_intermediate\material.obj
h:\github\physicsforgameslabwork\pfg-startproject\build\debug_intermediate\main.obj
h:\github\physicsforgameslabwork\pfg-startproject\build\debug_intermediate\kinematicsobject.obj
h:\github\physicsforgameslabwork\pfg-startproject\build\debug_intermediate\input.obj
h:\github\physicsforgameslabwork\pfg-startproject\build\debug_intermediate\gameobject.obj
h:\github\physicsforgameslabwork\pfg-startproject\build\debug_intermediate\camera.obj
h:\github\physicsforgameslabwork\pfg-startproject\build\debug_intermediate\application.obj
h:\github\physicsforgameslabwork\pfg-startproject\build\debug_intermediate\dynamicobject.obj
h:\github\physicsforgameslabwork\pfg-startproject\build\debug_intermediate\glew.obj
\\bournemouth.ac.uk\data\student\home\scitech\s5304084\github\physicsforgameslabwork\pfg-startproject\build\debug_intermediate\vc142.pdb
\\bournemouth.ac.uk\data\student\home\scitech\s5304084\github\physicsforgameslabwork\pfg-startproject\build\debug_intermediate\vc142.idb
\\bournemouth.ac.uk\data\student\home\scitech\s5304084\github\physicsforgameslabwork\pfg-startproject\build\debug_intermediate\utility.obj
\\bournemouth.ac.uk\data\student\home\scitech\s5304084\github\physicsforgameslabwork\pfg-startproject\build\debug_intermediate\scene.obj
\\bournemouth.ac.uk\data\student\home\scitech\s5304084\github\physicsforgameslabwork\pfg-startproject\build\debug_intermediate\mesh.obj
\\bournemouth.ac.uk\data\student\home\scitech\s5304084\github\physicsforgameslabwork\pfg-startproject\build\debug_intermediate\material.obj
\\bournemouth.ac.uk\data\student\home\scitech\s5304084\github\physicsforgameslabwork\pfg-startproject\build\debug_intermediate\main.obj
\\bournemouth.ac.uk\data\student\home\scitech\s5304084\github\physicsforgameslabwork\pfg-startproject\build\debug_intermediate\kinematicsobject.obj
\\bournemouth.ac.uk\data\student\home\scitech\s5304084\github\physicsforgameslabwork\pfg-startproject\build\debug_intermediate\input.obj
\\bournemouth.ac.uk\data\student\home\scitech\s5304084\github\physicsforgameslabwork\pfg-startproject\build\debug_intermediate\gameobject.obj
\\bournemouth.ac.uk\data\student\home\scitech\s5304084\github\physicsforgameslabwork\pfg-startproject\build\debug_intermediate\dynamicobject.obj
\\bournemouth.ac.uk\data\student\home\scitech\s5304084\github\physicsforgameslabwork\pfg-startproject\build\debug_intermediate\camera.obj
\\bournemouth.ac.uk\data\student\home\scitech\s5304084\github\physicsforgameslabwork\pfg-startproject\build\debug_intermediate\application.obj
\\bournemouth.ac.uk\data\student\home\scitech\s5304084\github\physicsforgameslabwork\pfg-startproject\build\debug_intermediate\glew.obj
h:\github\physicsforgameslabwork\pfg-startproject\build\debug\pfg-startproject.exe
h:\github\physicsforgameslabwork\pfg-startproject\build\debug\pfg-startproject.ilk
h:\github\physicsforgameslabwork\pfg-startproject\build\debug\pfg-startproject.pdb
\\bournemouth.ac.uk\data\student\home\scitech\s5304084\github\physicsforgameslabwork\pfg-startproject\build\debug\pfg-startproject.exe
\\bournemouth.ac.uk\data\student\home\scitech\s5304084\github\physicsforgameslabwork\pfg-startproject\build\debug\pfg-startproject.ilk
\\bournemouth.ac.uk\data\student\home\scitech\s5304084\github\physicsforgameslabwork\pfg-startproject\build\debug\pfg-startproject.pdb
\\bournemouth.ac.uk\data\student\home\scitech\s5304084\github\physicsforgameslabwork\pfg-startproject\build\debug_intermediate\pfg-startproject.tlog\cl.command.1.tlog
\\bournemouth.ac.uk\data\student\home\scitech\s5304084\github\physicsforgameslabwork\pfg-startproject\build\debug_intermediate\pfg-startproject.tlog\cl.read.1.tlog
\\bournemouth.ac.uk\data\student\home\scitech\s5304084\github\physicsforgameslabwork\pfg-startproject\build\debug_intermediate\pfg-startproject.tlog\cl.write.1.tlog
\\bournemouth.ac.uk\data\student\home\scitech\s5304084\github\physicsforgameslabwork\pfg-startproject\build\debug_intermediate\pfg-startproject.tlog\link.command.1.tlog
\\bournemouth.ac.uk\data\student\home\scitech\s5304084\github\physicsforgameslabwork\pfg-startproject\build\debug_intermediate\pfg-startproject.tlog\link.read.1.tlog
\\bournemouth.ac.uk\data\student\home\scitech\s5304084\github\physicsforgameslabwork\pfg-startproject\build\debug_intermediate\pfg-startproject.tlog\link.write.1.tlog
